09:42:40.819 [TestNG-tests-1] INFO  testCases.TC001_AccountRegistrationTest - clicked register
09:42:40.828 [TestNG-tests-1] INFO  testCases.TC001_AccountRegistrationTest - entering registration page details
09:42:41.926 [TestNG-tests-1] INFO  testCases.TC001_AccountRegistrationTest - validating successful registration message
09:42:46.993 [TestNG-tests-1] ERROR testCases.TC001_AccountRegistrationTest - Test failed
09:42:50.880 [TestNG-tests-1] INFO  testCases.TC002_LoginTest - ****Started login test****
09:42:52.455 [TestNG-tests-1] INFO  testCases.TC002_LoginTest - ****Login btn clicked****
09:42:52.498 [TestNG-tests-1] INFO  testCases.TC002_LoginTest - ****Login Success****
09:42:52.498 [TestNG-tests-1] INFO  testCases.TC002_LoginTest - ****Ended login test****
09:43:57.636 [TestNG-test=Test-1] INFO  testCases.TC001_AccountRegistrationTest - ****Started test****
09:43:57.636 [TestNG-test=Test-2] INFO  testCases.TC002_LoginTest - ****Started login test****
09:43:57.744 [TestNG-test=Test-1] INFO  testCases.TC001_AccountRegistrationTest - clicked myaccount
09:44:02.854 [TestNG-test=Test-1] ERROR testCases.TC001_AccountRegistrationTest - Test failed
09:44:07.914 [TestNG-test=Test-2] ERROR testCases.TC002_LoginTest - Test login failed
09:45:19.493 [TestNG-tests-1] INFO  testCases.TC001_AccountRegistrationTest - ****Started test****
09:45:19.493 [TestNG-tests-2] INFO  testCases.TC002_LoginTest - ****Started login test****
09:45:19.608 [TestNG-tests-1] INFO  testCases.TC001_AccountRegistrationTest - clicked myaccount
09:45:24.754 [TestNG-tests-1] ERROR testCases.TC001_AccountRegistrationTest - Test failed
09:45:29.771 [TestNG-tests-2] ERROR testCases.TC002_LoginTest - Test login failed
09:46:52.279 [main] INFO  testCases.TC001_AccountRegistrationTest - ****Started test****
09:46:52.392 [main] INFO  testCases.TC001_AccountRegistrationTest - clicked myaccount
09:46:53.032 [main] INFO  testCases.TC001_AccountRegistrationTest - clicked register
09:46:53.034 [main] INFO  testCases.TC001_AccountRegistrationTest - entering registration page details
09:46:54.164 [main] INFO  testCases.TC001_AccountRegistrationTest - validating successful registration message
09:46:59.227 [main] ERROR testCases.TC001_AccountRegistrationTest - Test failed
09:47:02.990 [main] INFO  testCases.TC002_LoginTest - ****Started login test****
09:47:04.599 [main] INFO  testCases.TC002_LoginTest - ****Login btn clicked****
09:47:04.634 [main] INFO  testCases.TC002_LoginTest - ****Login Success****
09:47:04.634 [main] INFO  testCases.TC002_LoginTest - ****Ended login test****
09:51:37.454 [main] INFO  testCases.TC001_AccountRegistrationTest - ****Started test****
09:51:37.556 [main] INFO  testCases.TC001_AccountRegistrationTest - clicked myaccount
09:51:38.187 [main] INFO  testCases.TC001_AccountRegistrationTest - clicked register
09:51:38.189 [main] INFO  testCases.TC001_AccountRegistrationTest - entering registration page details
09:51:39.720 [main] INFO  testCases.TC001_AccountRegistrationTest - validating successful registration message
09:51:39.757 [main] INFO  testCases.TC001_AccountRegistrationTest - ****Completed test****
10:39:53.928 [main] INFO  testCases.TC001_AccountRegistrationTest - ****Started test****
10:39:54.043 [main] INFO  testCases.TC001_AccountRegistrationTest - clicked myaccount
10:39:54.692 [main] INFO  testCases.TC001_AccountRegistrationTest - clicked register
10:39:54.694 [main] INFO  testCases.TC001_AccountRegistrationTest - entering registration page details
10:39:55.824 [main] INFO  testCases.TC001_AccountRegistrationTest - validating successful registration message
10:40:00.896 [main] ERROR testCases.TC001_AccountRegistrationTest - Test failed
10:40:05.139 [main] INFO  testCases.TC002_LoginTest - ****Started login test****
10:40:06.868 [main] INFO  testCases.TC002_LoginTest - ****Login btn clicked****
10:40:06.910 [main] INFO  testCases.TC002_LoginTest - ****Login Success****
10:40:06.910 [main] INFO  testCases.TC002_LoginTest - ****Ended login test****
11:28:25.348 [main] INFO  testCases.TC001_AccountRegistrationTest - ****Started test****
11:28:25.488 [main] INFO  testCases.TC001_AccountRegistrationTest - clicked myaccount
11:28:26.193 [main] INFO  testCases.TC001_AccountRegistrationTest - clicked register
11:28:26.194 [main] INFO  testCases.TC001_AccountRegistrationTest - entering registration page details
11:28:27.393 [main] INFO  testCases.TC001_AccountRegistrationTest - validating successful registration message
11:28:32.451 [main] ERROR testCases.TC001_AccountRegistrationTest - Test failed
11:28:37.692 [main] INFO  testCases.TC002_LoginTest - ****Started login test****
11:28:39.323 [main] INFO  testCases.TC002_LoginTest - ****Login btn clicked****
11:28:39.366 [main] INFO  testCases.TC002_LoginTest - ****Login Success****
11:28:39.366 [main] INFO  testCases.TC002_LoginTest - ****Ended login test****
11:30:08.715 [main] INFO  testCases.TC001_AccountRegistrationTest - ****Started test****
11:30:08.837 [main] INFO  testCases.TC001_AccountRegistrationTest - clicked myaccount
11:30:09.484 [main] INFO  testCases.TC001_AccountRegistrationTest - clicked register
11:30:09.485 [main] INFO  testCases.TC001_AccountRegistrationTest - entering registration page details
11:30:10.647 [main] INFO  testCases.TC001_AccountRegistrationTest - validating successful registration message
11:30:15.699 [main] ERROR testCases.TC001_AccountRegistrationTest - Test failed
11:30:19.377 [main] INFO  testCases.TC002_LoginTest - ****Started login test****
11:30:21.117 [main] INFO  testCases.TC002_LoginTest - ****Login btn clicked****
11:30:21.167 [main] INFO  testCases.TC002_LoginTest - ****Login Success****
11:30:21.168 [main] INFO  testCases.TC002_LoginTest - ****Ended login test****
11:32:10.915 [main] INFO  testCases.TC001_AccountRegistrationTest - ****Started test****
11:32:11.053 [main] INFO  testCases.TC001_AccountRegistrationTest - clicked myaccount
11:32:11.721 [main] INFO  testCases.TC001_AccountRegistrationTest - clicked register
11:32:11.723 [main] INFO  testCases.TC001_AccountRegistrationTest - entering registration page details
11:32:12.808 [main] INFO  testCases.TC001_AccountRegistrationTest - validating successful registration message
11:32:17.828 [main] ERROR testCases.TC001_AccountRegistrationTest - Test failed
11:32:22.204 [main] INFO  testCases.TC002_LoginTest - ****Started login test****
11:32:23.866 [main] INFO  testCases.TC002_LoginTest - ****Login btn clicked****
11:32:23.916 [main] INFO  testCases.TC002_LoginTest - ****Login Success****
11:32:23.917 [main] INFO  testCases.TC002_LoginTest - ****Ended login test****
13:31:36.215 [TestNG-tests-1] INFO  testCases.TC001_AccountRegistrationTest - ****Started test****
13:31:36.215 [TestNG-tests-2] INFO  testCases.TC001_AccountRegistrationTest - ****Started test****
13:31:36.339 [TestNG-tests-2] INFO  testCases.TC001_AccountRegistrationTest - clicked myaccount
13:31:36.435 [TestNG-tests-1] INFO  testCases.TC001_AccountRegistrationTest - clicked myaccount
13:31:41.528 [TestNG-tests-2] ERROR testCases.TC001_AccountRegistrationTest - Test failed
13:31:46.537 [TestNG-tests-1] ERROR testCases.TC001_AccountRegistrationTest - Test failed
13:31:52.176 [TestNG-tests-1] INFO  testCases.TC002_LoginTest - ****Started login test****
13:31:52.179 [TestNG-tests-2] INFO  testCases.TC002_LoginTest - ****Started login test****
13:31:57.436 [TestNG-tests-1] ERROR testCases.TC002_LoginTest - Test login failed
13:32:02.497 [TestNG-tests-2] ERROR testCases.TC002_LoginTest - Test login failed
13:33:30.167 [main] INFO  testCases.TC001_AccountRegistrationTest - ****Started test****
13:33:30.277 [main] INFO  testCases.TC001_AccountRegistrationTest - clicked myaccount
13:33:30.931 [main] INFO  testCases.TC001_AccountRegistrationTest - clicked register
13:33:30.934 [main] INFO  testCases.TC001_AccountRegistrationTest - entering registration page details
13:33:32.116 [main] INFO  testCases.TC001_AccountRegistrationTest - validating successful registration message
