23:26:14.878 [main] INFO  testCases.TC001_AccountRegistrationTest - validating successful registration message
23:26:19.921 [main] ERROR testCases.TC001_AccountRegistrationTest - Test failed
23:26:25.431 [main] INFO  testCases.TC002_LoginTest - ****Started login test****
23:26:27.204 [main] INFO  testCases.TC002_LoginTest - ****Login btn clicked****
23:26:27.279 [main] INFO  testCases.TC002_LoginTest - ****Login Success****
23:26:27.279 [main] INFO  testCases.TC002_LoginTest - ****Ended login test****
23:30:05.946 [main] INFO  testCases.TC001_AccountRegistrationTest - ****Started test****
23:30:06.308 [main] INFO  testCases.TC001_AccountRegistrationTest - clicked myaccount
23:30:06.966 [main] INFO  testCases.TC001_AccountRegistrationTest - clicked register
23:30:06.979 [main] INFO  testCases.TC001_AccountRegistrationTest - entering registration page details
23:30:08.254 [main] INFO  testCases.TC001_AccountRegistrationTest - validating successful registration message
23:30:13.277 [main] ERROR testCases.TC001_AccountRegistrationTest - Test failed
23:30:18.947 [main] INFO  testCases.TC002_LoginTest - ****Started login test****
23:30:20.675 [main] INFO  testCases.TC002_LoginTest - ****Login btn clicked****
23:30:20.749 [main] INFO  testCases.TC002_LoginTest - ****Login Success****
23:30:20.749 [main] INFO  testCases.TC002_LoginTest - ****Ended login test****
23:30:25.513 [main] INFO  testCases.TC001_AccountRegistrationTest - ****Started test****
23:30:25.695 [main] INFO  testCases.TC001_AccountRegistrationTest - clicked myaccount
23:30:26.441 [main] INFO  testCases.TC001_AccountRegistrationTest - clicked register
23:30:26.442 [main] INFO  testCases.TC001_AccountRegistrationTest - entering registration page details
23:30:27.923 [main] INFO  testCases.TC001_AccountRegistrationTest - validating successful registration message
23:30:32.989 [main] ERROR testCases.TC001_AccountRegistrationTest - Test failed
23:30:36.164 [main] INFO  testCases.TC002_LoginTest - ****Started login test****
23:30:38.175 [main] INFO  testCases.TC002_LoginTest - ****Login btn clicked****
23:30:38.251 [main] INFO  testCases.TC002_LoginTest - ****Login Success****
23:30:38.251 [main] INFO  testCases.TC002_LoginTest - ****Ended login test****
08:24:28.323 [main] INFO  testCases.TC001_AccountRegistrationTest - ****Started test****
08:24:28.670 [main] INFO  testCases.TC001_AccountRegistrationTest - clicked myaccount
08:24:29.373 [main] INFO  testCases.TC001_AccountRegistrationTest - clicked register
08:24:29.388 [main] INFO  testCases.TC001_AccountRegistrationTest - entering registration page details
08:24:30.644 [main] INFO  testCases.TC001_AccountRegistrationTest - validating successful registration message
08:24:35.683 [main] ERROR testCases.TC001_AccountRegistrationTest - Test failed
08:24:41.040 [main] INFO  testCases.TC002_LoginTest - ****Started login test****
08:24:42.788 [main] INFO  testCases.TC002_LoginTest - ****Login btn clicked****
08:24:42.875 [main] INFO  testCases.TC002_LoginTest - ****Login Success****
08:24:42.875 [main] INFO  testCases.TC002_LoginTest - ****Ended login test****
08:24:50.091 [main] INFO  testCases.TC001_AccountRegistrationTest - ****Started test****
08:24:50.273 [main] INFO  testCases.TC001_AccountRegistrationTest - clicked myaccount
08:24:51.018 [main] INFO  testCases.TC001_AccountRegistrationTest - clicked register
08:24:51.019 [main] INFO  testCases.TC001_AccountRegistrationTest - entering registration page details
08:24:52.786 [main] INFO  testCases.TC001_AccountRegistrationTest - validating successful registration message
08:24:57.884 [main] ERROR testCases.TC001_AccountRegistrationTest - Test failed
08:25:01.261 [main] INFO  testCases.TC002_LoginTest - ****Started login test****
08:25:04.707 [main] INFO  testCases.TC002_LoginTest - ****Login btn clicked****
08:25:04.778 [main] INFO  testCases.TC002_LoginTest - ****Login Success****
08:25:04.779 [main] INFO  testCases.TC002_LoginTest - ****Ended login test****
09:24:42.020 [main] INFO  testCases.TC001_AccountRegistrationTest - ****Started test****
09:24:42.175 [main] INFO  testCases.TC001_AccountRegistrationTest - clicked myaccount
09:24:42.803 [main] INFO  testCases.TC001_AccountRegistrationTest - clicked register
09:24:42.817 [main] INFO  testCases.TC001_AccountRegistrationTest - entering registration page details
09:24:43.868 [main] INFO  testCases.TC001_AccountRegistrationTest - validating successful registration message
09:24:48.884 [main] ERROR testCases.TC001_AccountRegistrationTest - Test failed
09:24:52.648 [main] INFO  testCases.TC002_LoginTest - ****Started login test****
09:24:54.330 [main] INFO  testCases.TC002_LoginTest - ****Login btn clicked****
09:24:54.373 [main] INFO  testCases.TC002_LoginTest - ****Login Success****
09:24:54.373 [main] INFO  testCases.TC002_LoginTest - ****Ended login test****
09:28:26.873 [main] INFO  testCases.TC002_LoginTest - ****Started login test****
09:28:28.559 [main] INFO  testCases.TC002_LoginTest - ****Login btn clicked****
09:28:28.618 [main] INFO  testCases.TC002_LoginTest - ****Login Success****
09:28:28.618 [main] INFO  testCases.TC002_LoginTest - ****Ended login test****
09:30:00.269 [main] INFO  testCases.TC001_AccountRegistrationTest - ****Started test****
09:30:00.413 [main] INFO  testCases.TC001_AccountRegistrationTest - clicked myaccount
09:30:01.085 [main] INFO  testCases.TC001_AccountRegistrationTest - clicked register
09:30:01.087 [main] INFO  testCases.TC001_AccountRegistrationTest - entering registration page details
09:30:03.553 [main] INFO  testCases.TC001_AccountRegistrationTest - validating successful registration message
09:30:08.617 [main] ERROR testCases.TC001_AccountRegistrationTest - Test failed
09:30:12.836 [main] INFO  testCases.TC002_LoginTest - ****Started login test****
09:30:14.689 [main] INFO  testCases.TC002_LoginTest - ****Login btn clicked****
09:30:14.728 [main] INFO  testCases.TC002_LoginTest - ****Login Success****
09:30:14.728 [main] INFO  testCases.TC002_LoginTest - ****Ended login test****
09:58:59.281 [main] INFO  testCases.TC001_AccountRegistrationTest - ****Started test****
09:58:59.419 [main] INFO  testCases.TC001_AccountRegistrationTest - clicked myaccount
09:59:00.101 [main] INFO  testCases.TC001_AccountRegistrationTest - clicked register
09:59:00.102 [main] INFO  testCases.TC001_AccountRegistrationTest - entering registration page details
09:59:01.363 [main] INFO  testCases.TC001_AccountRegistrationTest - validating successful registration message
09:59:06.378 [main] ERROR testCases.TC001_AccountRegistrationTest - Test failed
09:59:10.369 [main] INFO  testCases.TC002_LoginTest - ****Started login test****
09:59:11.984 [main] INFO  testCases.TC002_LoginTest - ****Login btn clicked****
09:59:12.026 [main] INFO  testCases.TC002_LoginTest - ****Login Success****
09:59:12.026 [main] INFO  testCases.TC002_LoginTest - ****Ended login test****
10:01:08.143 [main] INFO  testCases.TC001_AccountRegistrationTest - ****Started test****
10:01:08.276 [main] INFO  testCases.TC001_AccountRegistrationTest - clicked myaccount
10:01:08.927 [main] INFO  testCases.TC001_AccountRegistrationTest - clicked register
10:01:08.928 [main] INFO  testCases.TC001_AccountRegistrationTest - entering registration page details
10:01:10.201 [main] INFO  testCases.TC001_AccountRegistrationTest - validating successful registration message
10:01:15.271 [main] ERROR testCases.TC001_AccountRegistrationTest - Test failed
10:01:19.253 [main] INFO  testCases.TC002_LoginTest - ****Started login test****
10:01:20.938 [main] INFO  testCases.TC002_LoginTest - ****Login btn clicked****
10:01:20.977 [main] INFO  testCases.TC002_LoginTest - ****Login Success****
10:01:20.977 [main] INFO  testCases.TC002_LoginTest - ****Ended login test****
10:07:54.604 [main] INFO  testCases.TC001_AccountRegistrationTest - ****Started test****
10:07:54.744 [main] INFO  testCases.TC001_AccountRegistrationTest - clicked myaccount
