13:33:37.181 [main] ERROR testCases.TC001_AccountRegistrationTest - Test failed
13:33:40.961 [main] INFO  testCases.TC002_LoginTest - ****Started login test****
13:33:42.743 [main] INFO  testCases.TC002_LoginTest - ****Login btn clicked****
13:33:42.793 [main] INFO  testCases.TC002_LoginTest - ****Login Success****
13:33:42.793 [main] INFO  testCases.TC002_LoginTest - ****Ended login test****
13:34:09.744 [TestNG-tests-2] INFO  testCases.TC001_AccountRegistrationTest - ****Started test****
13:34:09.744 [TestNG-tests-1] INFO  testCases.TC001_AccountRegistrationTest - ****Started test****
13:34:09.905 [TestNG-tests-1] INFO  testCases.TC001_AccountRegistrationTest - clicked myaccount
13:34:09.989 [TestNG-tests-2] INFO  testCases.TC001_AccountRegistrationTest - clicked myaccount
13:34:15.084 [TestNG-tests-1] ERROR testCases.TC001_AccountRegistrationTest - Test failed
13:34:20.110 [TestNG-tests-2] ERROR testCases.TC001_AccountRegistrationTest - Test failed
13:34:26.029 [TestNG-tests-1] INFO  testCases.TC002_LoginTest - ****Started login test****
13:34:26.033 [TestNG-tests-2] INFO  testCases.TC002_LoginTest - ****Started login test****
13:34:31.305 [TestNG-tests-1] ERROR testCases.TC002_LoginTest - Test login failed
13:34:36.342 [TestNG-tests-2] ERROR testCases.TC002_LoginTest - Test login failed
13:35:23.295 [TestNG-tests-1] INFO  testCases.TC001_AccountRegistrationTest - ****Started test****
13:35:23.295 [TestNG-tests-2] INFO  testCases.TC002_LoginTest - ****Started login test****
13:35:23.497 [TestNG-tests-1] INFO  testCases.TC001_AccountRegistrationTest - clicked myaccount
13:35:28.854 [TestNG-tests-1] ERROR testCases.TC001_AccountRegistrationTest - Test failed
13:35:33.863 [TestNG-tests-2] ERROR testCases.TC002_LoginTest - Test login failed
13:37:34.714 [TestNG-tests-2] INFO  testCases.TC002_LoginTest - ****Started login test****
13:37:34.714 [TestNG-tests-1] INFO  testCases.TC001_AccountRegistrationTest - ****Started test****
13:37:34.975 [TestNG-tests-1] INFO  testCases.TC001_AccountRegistrationTest - clicked myaccount
13:37:40.025 [TestNG-tests-2] ERROR testCases.TC002_LoginTest - Test login failed
13:37:45.060 [TestNG-tests-1] ERROR testCases.TC001_AccountRegistrationTest - Test failed
13:41:25.547 [TestNG-tests-2] INFO  testCases.TC002_LoginTest - ****Started login test****
13:41:25.547 [TestNG-tests-1] INFO  testCases.TC001_AccountRegistrationTest - ****Started test****
13:41:25.771 [TestNG-tests-1] INFO  testCases.TC001_AccountRegistrationTest - clicked myaccount
13:41:30.907 [TestNG-tests-1] ERROR testCases.TC001_AccountRegistrationTest - Test failed
13:41:35.944 [TestNG-tests-2] ERROR testCases.TC002_LoginTest - Test login failed
13:43:54.493 [main] INFO  testCases.TC001_AccountRegistrationTest - ****Started test****
13:43:54.627 [main] INFO  testCases.TC001_AccountRegistrationTest - clicked myaccount
13:43:55.277 [main] INFO  testCases.TC001_AccountRegistrationTest - clicked register
13:43:55.280 [main] INFO  testCases.TC001_AccountRegistrationTest - entering registration page details
13:43:56.495 [main] INFO  testCases.TC001_AccountRegistrationTest - validating successful registration message
13:44:01.555 [main] ERROR testCases.TC001_AccountRegistrationTest - Test failed
13:44:05.456 [main] INFO  testCases.TC002_LoginTest - ****Started login test****
13:44:07.051 [main] INFO  testCases.TC002_LoginTest - ****Login btn clicked****
13:44:07.102 [main] INFO  testCases.TC002_LoginTest - ****Login Success****
13:44:07.102 [main] INFO  testCases.TC002_LoginTest - ****Ended login test****
13:45:25.160 [main] INFO  testCases.TC001_AccountRegistrationTest - ****Started test****
13:45:25.278 [main] INFO  testCases.TC001_AccountRegistrationTest - clicked myaccount
13:45:25.970 [main] INFO  testCases.TC001_AccountRegistrationTest - clicked register
13:45:25.972 [main] INFO  testCases.TC001_AccountRegistrationTest - entering registration page details
13:45:27.625 [main] INFO  testCases.TC001_AccountRegistrationTest - validating successful registration message
13:45:32.675 [main] ERROR testCases.TC001_AccountRegistrationTest - Test failed
13:45:37.283 [main] INFO  testCases.TC002_LoginTest - ****Started login test****
13:45:39.128 [main] INFO  testCases.TC002_LoginTest - ****Login btn clicked****
13:45:39.234 [main] INFO  testCases.TC002_LoginTest - ****Login Success****
13:45:39.234 [main] INFO  testCases.TC002_LoginTest - ****Ended login test****
14:43:00.610 [main] INFO  testCases.TC001_AccountRegistrationTest - ****Started test****
14:43:00.791 [main] INFO  testCases.TC001_AccountRegistrationTest - clicked myaccount
14:43:01.612 [main] INFO  testCases.TC001_AccountRegistrationTest - clicked register
14:43:01.626 [main] INFO  testCases.TC001_AccountRegistrationTest - entering registration page details
14:43:03.382 [main] INFO  testCases.TC001_AccountRegistrationTest - validating successful registration message
14:43:08.479 [main] ERROR testCases.TC001_AccountRegistrationTest - Test failed
14:43:12.697 [main] INFO  testCases.TC002_LoginTest - ****Started login test****
14:43:14.697 [main] INFO  testCases.TC002_LoginTest - ****Login btn clicked****
14:43:14.799 [main] INFO  testCases.TC002_LoginTest - ****Login Success****
14:43:14.799 [main] INFO  testCases.TC002_LoginTest - ****Ended login test****
14:44:02.640 [TestNG-tests-1] INFO  testCases.TC001_AccountRegistrationTest - ****Started test****
14:44:02.821 [TestNG-tests-1] INFO  testCases.TC001_AccountRegistrationTest - clicked myaccount
14:44:03.623 [TestNG-tests-1] INFO  testCases.TC001_AccountRegistrationTest - clicked register
14:44:03.625 [TestNG-tests-1] INFO  testCases.TC001_AccountRegistrationTest - entering registration page details
14:44:05.354 [TestNG-tests-1] INFO  testCases.TC001_AccountRegistrationTest - validating successful registration message
14:44:10.428 [TestNG-tests-1] ERROR testCases.TC001_AccountRegistrationTest - Test failed
14:45:33.671 [main] INFO  testCases.TC001_AccountRegistrationTest - ****Started test****
14:45:33.851 [main] INFO  testCases.TC001_AccountRegistrationTest - clicked myaccount
14:45:34.623 [main] INFO  testCases.TC001_AccountRegistrationTest - clicked register
14:45:34.625 [main] INFO  testCases.TC001_AccountRegistrationTest - entering registration page details
14:45:36.212 [main] INFO  testCases.TC001_AccountRegistrationTest - validating successful registration message
14:45:41.245 [main] ERROR testCases.TC001_AccountRegistrationTest - Test failed
14:45:45.265 [main] INFO  testCases.TC002_LoginTest - ****Started login test****
14:45:47.226 [main] INFO  testCases.TC002_LoginTest - ****Login btn clicked****
14:45:47.306 [main] INFO  testCases.TC002_LoginTest - ****Login Success****
14:45:47.306 [main] INFO  testCases.TC002_LoginTest - ****Ended login test****
23:25:31.619 [main] INFO  testCases.TC001_AccountRegistrationTest - ****Started test****
23:25:31.846 [main] INFO  testCases.TC001_AccountRegistrationTest - clicked myaccount
23:25:32.612 [main] INFO  testCases.TC001_AccountRegistrationTest - clicked register
23:25:32.614 [main] INFO  testCases.TC001_AccountRegistrationTest - entering registration page details
23:25:34.492 [main] INFO  testCases.TC001_AccountRegistrationTest - validating successful registration message
23:25:39.590 [main] ERROR testCases.TC001_AccountRegistrationTest - Test failed
23:25:43.385 [main] INFO  testCases.TC002_LoginTest - ****Started login test****
23:25:45.312 [main] INFO  testCases.TC002_LoginTest - ****Login btn clicked****
23:25:45.421 [main] INFO  testCases.TC002_LoginTest - ****Login Success****
23:25:45.421 [main] INFO  testCases.TC002_LoginTest - ****Ended login test****
23:26:12.664 [main] INFO  testCases.TC001_AccountRegistrationTest - ****Started test****
23:26:12.977 [main] INFO  testCases.TC001_AccountRegistrationTest - clicked myaccount
23:26:13.654 [main] INFO  testCases.TC001_AccountRegistrationTest - clicked register
23:26:13.656 [main] INFO  testCases.TC001_AccountRegistrationTest - entering registration page details
