15:39:37.210 [main] INFO  testCases.TC001_AccountRegistrationTest - ****Completed test****
08:52:56.052 [main] INFO  testCases.TC001_AccountRegistrationTest - ****Started test****
08:52:56.169 [main] INFO  testCases.TC001_AccountRegistrationTest - clicked myaccount
08:52:56.823 [main] INFO  testCases.TC001_AccountRegistrationTest - clicked register
08:52:56.825 [main] INFO  testCases.TC001_AccountRegistrationTest - entering registration page details
08:52:58.452 [main] INFO  testCases.TC001_AccountRegistrationTest - validating successful registration message
08:52:58.453 [main] INFO  testCases.TC001_AccountRegistrationTest - ****Completed test****
08:55:16.638 [main] INFO  testCases.TC002_LoginTest - ****Started login test****
08:55:18.282 [main] INFO  testCases.TC002_LoginTest - ****Login btn clicked****
08:55:18.283 [main] INFO  testCases.TC002_LoginTest - ****Ended login test****
09:03:34.806 [main] INFO  testCases.TC002_LoginTest - ****Started login test****
09:03:36.423 [main] INFO  testCases.TC002_LoginTest - ****Login btn clicked****
09:03:36.459 [main] INFO  testCases.TC002_LoginTest - ****Login Success****
09:03:36.460 [main] INFO  testCases.TC002_LoginTest - ****Ended login test****
09:05:41.983 [main] INFO  testCases.TC002_LoginTest - ****Started login test****
09:05:43.280 [main] INFO  testCases.TC002_LoginTest - ****Login btn clicked****
09:05:48.339 [main] ERROR testCases.TC002_LoginTest - Test login failed
09:08:54.716 [main] INFO  testCases.TC001_AccountRegistrationTest - ****Started test****
09:08:54.819 [main] INFO  testCases.TC001_AccountRegistrationTest - clicked myaccount
09:08:55.466 [main] INFO  testCases.TC001_AccountRegistrationTest - clicked register
09:08:55.467 [main] INFO  testCases.TC001_AccountRegistrationTest - entering registration page details
09:09:01.647 [main] INFO  testCases.TC001_AccountRegistrationTest - validating successful registration message
09:09:05.441 [main] INFO  testCases.TC002_LoginTest - ****Started login test****
09:09:07.038 [main] INFO  testCases.TC002_LoginTest - ****Login btn clicked****
09:09:07.074 [main] INFO  testCases.TC002_LoginTest - ****Login Success****
09:09:07.074 [main] INFO  testCases.TC002_LoginTest - ****Ended login test****
09:12:31.072 [main] INFO  testCases.TC001_AccountRegistrationTest - ****Started test****
09:12:31.182 [main] INFO  testCases.TC001_AccountRegistrationTest - clicked myaccount
09:12:31.829 [main] INFO  testCases.TC001_AccountRegistrationTest - clicked register
09:12:31.832 [main] INFO  testCases.TC001_AccountRegistrationTest - entering registration page details
09:12:38.012 [main] INFO  testCases.TC001_AccountRegistrationTest - validating successful registration message
09:12:41.483 [main] INFO  testCases.TC002_LoginTest - ****Started login test****
09:12:43.062 [main] INFO  testCases.TC002_LoginTest - ****Login btn clicked****
09:12:43.097 [main] INFO  testCases.TC002_LoginTest - ****Login Success****
09:12:43.098 [main] INFO  testCases.TC002_LoginTest - ****Ended login test****
09:13:13.775 [main] INFO  testCases.TC001_AccountRegistrationTest - ****Started test****
09:13:13.885 [main] INFO  testCases.TC001_AccountRegistrationTest - clicked myaccount
09:13:14.505 [main] INFO  testCases.TC001_AccountRegistrationTest - clicked register
09:13:14.506 [main] INFO  testCases.TC001_AccountRegistrationTest - entering registration page details
09:13:20.659 [main] INFO  testCases.TC001_AccountRegistrationTest - validating successful registration message
09:14:33.108 [main] INFO  testCases.TC001_AccountRegistrationTest - ****Started test****
09:14:33.211 [main] INFO  testCases.TC001_AccountRegistrationTest - clicked myaccount
09:14:33.833 [main] INFO  testCases.TC001_AccountRegistrationTest - clicked register
09:14:33.835 [main] INFO  testCases.TC001_AccountRegistrationTest - entering registration page details
09:14:39.996 [main] INFO  testCases.TC001_AccountRegistrationTest - validating successful registration message
09:17:09.510 [main] INFO  testCases.TC001_AccountRegistrationTest - ****Started test****
09:17:09.620 [main] INFO  testCases.TC001_AccountRegistrationTest - clicked myaccount
09:17:10.246 [main] INFO  testCases.TC001_AccountRegistrationTest - clicked register
09:17:10.247 [main] INFO  testCases.TC001_AccountRegistrationTest - entering registration page details
09:17:16.389 [main] INFO  testCases.TC001_AccountRegistrationTest - confmsg is :
09:17:16.390 [main] INFO  testCases.TC001_AccountRegistrationTest - validating successful registration message
09:18:56.428 [main] INFO  testCases.TC001_AccountRegistrationTest - ****Started test****
09:18:56.532 [main] INFO  testCases.TC001_AccountRegistrationTest - clicked myaccount
09:18:57.172 [main] INFO  testCases.TC001_AccountRegistrationTest - clicked register
09:18:57.175 [main] INFO  testCases.TC001_AccountRegistrationTest - entering registration page details
09:19:03.341 [main] INFO  testCases.TC001_AccountRegistrationTest - confmsg is :error in registration
